---------- Date: 2017-04-09 19:13:19 ~ IP : 108.28.125.91 ----------
REQUEST URI : /www/admin/index.php?route=catalog/category&amp;token=34f952e50855420e2bf98764e10e0505
MOD DETAILS:
   modFile   : /home/wasadmin/public_html/www/vqmod/xml/admin_catalog_view_links.xml
   id        : Admin Product View Link
   version   : 1
   vqmver    : 2.1.5
   author    : godologic

File Name    : admin/controller/catalog/category.php(0)
VQModObject::applyMod - SEARCH NOT FOUND (ABORTING MOD): $this->data['delete'] = $this->url->link('catalog/category/delete', 'token=' . $this->session->data['token'], 'SSL');
----------------------------------------------------------------------


---------- Date: 2017-04-09 19:13:33 ~ IP : 108.28.125.91 ----------
REQUEST URI : /www/admin/index.php?route=catalog/category&amp;token=34f952e50855420e2bf98764e10e0505&amp;page=2
MOD DETAILS:
   modFile   : /home/wasadmin/public_html/www/vqmod/xml/admin_catalog_view_links.xml
   id        : Admin Product View Link
   version   : 1
   vqmver    : 2.1.5
   author    : godologic

File Name    : admin/controller/catalog/category.php(0)
VQModObject::applyMod - SEARCH NOT FOUND (ABORTING MOD): $this->data['delete'] = $this->url->link('catalog/category/delete', 'token=' . $this->session->data['token'], 'SSL');
----------------------------------------------------------------------


---------- Date: 2017-04-09 19:13:37 ~ IP : 108.28.125.91 ----------
REQUEST URI : /www/admin/index.php?route=catalog/category&amp;token=34f952e50855420e2bf98764e10e0505&amp;page=2&amp;page=1
MOD DETAILS:
   modFile   : /home/wasadmin/public_html/www/vqmod/xml/admin_catalog_view_links.xml
   id        : Admin Product View Link
   version   : 1
   vqmver    : 2.1.5
   author    : godologic

File Name    : admin/controller/catalog/category.php(0)
VQModObject::applyMod - SEARCH NOT FOUND (ABORTING MOD): $this->data['delete'] = $this->url->link('catalog/category/delete', 'token=' . $this->session->data['token'], 'SSL');
----------------------------------------------------------------------


---------- Date: 2017-04-09 19:14:10 ~ IP : 108.28.125.91 ----------
REQUEST URI : /www/admin/index.php?route=catalog/category/update&amp;token=34f952e50855420e2bf98764e10e0505&amp;category_id=2&amp;page=1
MOD DETAILS:
   modFile   : /home/wasadmin/public_html/www/vqmod/xml/admin_catalog_view_links.xml
   id        : Admin Product View Link
   version   : 1
   vqmver    : 2.1.5
   author    : godologic

File Name    : admin/controller/catalog/category.php(0)
VQModObject::applyMod - SEARCH NOT FOUND (ABORTING MOD): $this->data['delete'] = $this->url->link('catalog/category/delete', 'token=' . $this->session->data['token'], 'SSL');
----------------------------------------------------------------------


---------- Date: 2017-04-09 19:15:32 ~ IP : 108.28.125.91 ----------
REQUEST URI : /www/admin/index.php?route=catalog/category/update&amp;token=34f952e50855420e2bf98764e10e0505&amp;category_id=2
MOD DETAILS:
   modFile   : /home/wasadmin/public_html/www/vqmod/xml/admin_catalog_view_links.xml
   id        : Admin Product View Link
   version   : 1
   vqmver    : 2.1.5
   author    : godologic

File Name    : admin/controller/catalog/category.php(0)
VQModObject::applyMod - SEARCH NOT FOUND (ABORTING MOD): $this->data['delete'] = $this->url->link('catalog/category/delete', 'token=' . $this->session->data['token'], 'SSL');
----------------------------------------------------------------------


---------- Date: 2017-04-09 19:15:32 ~ IP : 108.28.125.91 ----------
REQUEST URI : /www/admin/index.php?route=catalog/category&amp;token=34f952e50855420e2bf98764e10e0505
MOD DETAILS:
   modFile   : /home/wasadmin/public_html/www/vqmod/xml/admin_catalog_view_links.xml
   id        : Admin Product View Link
   version   : 1
   vqmver    : 2.1.5
   author    : godologic

File Name    : admin/controller/catalog/category.php(0)
VQModObject::applyMod - SEARCH NOT FOUND (ABORTING MOD): $this->data['delete'] = $this->url->link('catalog/category/delete', 'token=' . $this->session->data['token'], 'SSL');
----------------------------------------------------------------------


---------- Date: 2017-04-09 19:16:03 ~ IP : 108.28.125.91 ----------
REQUEST URI : /www/admin/index.php?route=catalog/category&amp;token=34f952e50855420e2bf98764e10e0505&amp;page=2
MOD DETAILS:
   modFile   : /home/wasadmin/public_html/www/vqmod/xml/admin_catalog_view_links.xml
   id        : Admin Product View Link
   version   : 1
   vqmver    : 2.1.5
   author    : godologic

File Name    : admin/controller/catalog/category.php(0)
VQModObject::applyMod - SEARCH NOT FOUND (ABORTING MOD): $this->data['delete'] = $this->url->link('catalog/category/delete', 'token=' . $this->session->data['token'], 'SSL');
----------------------------------------------------------------------


---------- Date: 2017-04-09 19:22:17 ~ IP : 108.28.125.91 ----------
REQUEST URI : /www/admin/index.php?route=catalog/category&amp;token=34f952e50855420e2bf98764e10e0505
MOD DETAILS:
   modFile   : /home/wasadmin/public_html/www/vqmod/xml/admin_catalog_view_links.xml
   id        : Admin Product View Link
   version   : 1
   vqmver    : 2.1.5
   author    : godologic

File Name    : admin/controller/catalog/category.php(0)
VQModObject::applyMod - SEARCH NOT FOUND (ABORTING MOD): $this->data['delete'] = $this->url->link('catalog/category/delete', 'token=' . $this->session->data['token'], 'SSL');
----------------------------------------------------------------------


---------- Date: 2017-04-09 19:22:56 ~ IP : 108.28.125.91 ----------
REQUEST URI : /www/admin/index.php?route=catalog/category/update&amp;token=34f952e50855420e2bf98764e10e0505&amp;category_id=3
MOD DETAILS:
   modFile   : /home/wasadmin/public_html/www/vqmod/xml/admin_catalog_view_links.xml
   id        : Admin Product View Link
   version   : 1
   vqmver    : 2.1.5
   author    : godologic

File Name    : admin/controller/catalog/category.php(0)
VQModObject::applyMod - SEARCH NOT FOUND (ABORTING MOD): $this->data['delete'] = $this->url->link('catalog/category/delete', 'token=' . $this->session->data['token'], 'SSL');
----------------------------------------------------------------------


