---------- Date: 2017-07-25 19:49:22 ~ IP : 138.220.187.122 ----------
REQUEST URI : /www/admin/index.php?route=catalog/category&amp;token=9dbe1bb9a292de5d66bbf6bf252a1d80
MOD DETAILS:
   modFile   : /home/wasadmin/public_html/www/vqmod/xml/admin_catalog_view_links.xml
   id        : Admin Product View Link
   version   : 1
   vqmver    : 2.1.5
   author    : godologic

File Name    : admin/controller/catalog/category.php(0)
VQModObject::applyMod - SEARCH NOT FOUND (ABORTING MOD): $this->data['delete'] = $this->url->link('catalog/category/delete', 'token=' . $this->session->data['token'], 'SSL');
----------------------------------------------------------------------


---------- Date: 2017-07-25 19:49:24 ~ IP : 138.220.187.122 ----------
REQUEST URI : /www/admin/index.php?route=catalog/category/update&amp;token=9dbe1bb9a292de5d66bbf6bf252a1d80&amp;category_id=2
MOD DETAILS:
   modFile   : /home/wasadmin/public_html/www/vqmod/xml/admin_catalog_view_links.xml
   id        : Admin Product View Link
   version   : 1
   vqmver    : 2.1.5
   author    : godologic

File Name    : admin/controller/catalog/category.php(0)
VQModObject::applyMod - SEARCH NOT FOUND (ABORTING MOD): $this->data['delete'] = $this->url->link('catalog/category/delete', 'token=' . $this->session->data['token'], 'SSL');
----------------------------------------------------------------------


---------- Date: 2017-07-25 19:49:57 ~ IP : 138.220.187.122 ----------
REQUEST URI : /www/admin/index.php?route=catalog/category/update&amp;token=9dbe1bb9a292de5d66bbf6bf252a1d80&amp;category_id=2
MOD DETAILS:
   modFile   : /home/wasadmin/public_html/www/vqmod/xml/admin_catalog_view_links.xml
   id        : Admin Product View Link
   version   : 1
   vqmver    : 2.1.5
   author    : godologic

File Name    : admin/controller/catalog/category.php(0)
VQModObject::applyMod - SEARCH NOT FOUND (ABORTING MOD): $this->data['delete'] = $this->url->link('catalog/category/delete', 'token=' . $this->session->data['token'], 'SSL');
----------------------------------------------------------------------


---------- Date: 2017-07-25 19:49:57 ~ IP : 138.220.187.122 ----------
REQUEST URI : /www/admin/index.php?route=catalog/category&amp;token=9dbe1bb9a292de5d66bbf6bf252a1d80
MOD DETAILS:
   modFile   : /home/wasadmin/public_html/www/vqmod/xml/admin_catalog_view_links.xml
   id        : Admin Product View Link
   version   : 1
   vqmver    : 2.1.5
   author    : godologic

File Name    : admin/controller/catalog/category.php(0)
VQModObject::applyMod - SEARCH NOT FOUND (ABORTING MOD): $this->data['delete'] = $this->url->link('catalog/category/delete', 'token=' . $this->session->data['token'], 'SSL');
----------------------------------------------------------------------


---------- Date: 2017-07-25 19:50:00 ~ IP : 138.220.187.122 ----------
REQUEST URI : /www/admin/index.php?route=catalog/category/update&amp;token=9dbe1bb9a292de5d66bbf6bf252a1d80&amp;category_id=2
MOD DETAILS:
   modFile   : /home/wasadmin/public_html/www/vqmod/xml/admin_catalog_view_links.xml
   id        : Admin Product View Link
   version   : 1
   vqmver    : 2.1.5
   author    : godologic

File Name    : admin/controller/catalog/category.php(0)
VQModObject::applyMod - SEARCH NOT FOUND (ABORTING MOD): $this->data['delete'] = $this->url->link('catalog/category/delete', 'token=' . $this->session->data['token'], 'SSL');
----------------------------------------------------------------------


---------- Date: 2017-07-25 21:57:49 ~ IP : 108.28.125.91 ----------
REQUEST URI : /www/admin/index.php?route=catalog/category&amp;token=8031d64ccf014dc55a042cfe01f74292
MOD DETAILS:
   modFile   : /home/wasadmin/public_html/www/vqmod/xml/admin_catalog_view_links.xml
   id        : Admin Product View Link
   version   : 1
   vqmver    : 2.1.5
   author    : godologic

File Name    : admin/controller/catalog/category.php(0)
VQModObject::applyMod - SEARCH NOT FOUND (ABORTING MOD): $this->data['delete'] = $this->url->link('catalog/category/delete', 'token=' . $this->session->data['token'], 'SSL');
----------------------------------------------------------------------


---------- Date: 2017-07-25 22:20:09 ~ IP : 108.28.125.91 ----------
REQUEST URI : /www/admin/index.php?route=catalog/category&amp;token=8031d64ccf014dc55a042cfe01f74292
MOD DETAILS:
   modFile   : /home/wasadmin/public_html/www/vqmod/xml/add_compare_link_156.xml
   id        : Add Compare Link
   version   : 1.0
   vqmver    : 2.3.2
   author    : Bruno MINGHETTI
VQModObject::parseMods - Could not resolve path for [catalog/language/french/common/header.php] (SKIPPED)
VQMod::_parseMods - DOM UNABLE TO LOAD: /home/wasadmin/public_html/www/vqmod/xml/additional-images-search-by model-number.xml
VQMod::_parseMods - DOM UNABLE TO LOAD: /home/wasadmin/public_html/www/vqmod/xml/addmore.xml
VQMod::_parseMods - DOM UNABLE TO LOAD: /home/wasadmin/public_html/www/vqmod/xml/om_jcarousel_additional.xml
MOD DETAILS:
   modFile   : /home/wasadmin/public_html/www/vqmod/xml/admin_filter_products_by_category.xml
   id        : Filter Products By Category
   version   : 1.0.0
   vqmver    : 1.0.8
   author    : Modification: Hildebrando; vQmod: Gigo
VQModObject::parseMods - Could not resolve path for [admin/language/croatia/catalog/product.php] (SKIPPED)
MOD DETAILS:
   modFile   : /home/wasadmin/public_html/www/vqmod/xml/filterbymanufacturer.xml
   id        : Filter by Manufacturer
   version   : 1.3
   vqmver    : 2.4
   author    : ocart777
VQModObject::parseMods - Could not resolve path for [catalog/language/YOUR_LANGUAGE/product/category.php] (SKIPPED)
VQModObject::parseMods - Could not resolve path for [catalog/language/YOUR_LANGUAGE/product/search.php] (SKIPPED)

MOD DETAILS:
   modFile   : /home/wasadmin/public_html/www/vqmod/xml/livesearch.xml
   id        : LiveSearch Autofill (CZ:našeptávač)
   version   : 1.2.0
   vqmver    : 2.0.0
   author    : MojeGalanterka.cz
VQModObject::parseMods - Could not resolve path for [catalog/language/czech/product/search.php] (SKIPPED)

MOD DETAILS:
   modFile   : /home/wasadmin/public_html/www/vqmod/xml/omf_swipe.xml
   id        : OMF Swipe
   version   : 1.0.2
   vqmver    : 2.0.0
   author    : www.wintechcomputers.com.au
VQModObject::parseMods - Could not resolve path for [catalog/view/theme/omf/template/product/product_mobile.tpl] (SKIPPED)

MOD DETAILS:
   modFile   : /home/wasadmin/public_html/www/vqmod/xml/admin_catalog_view_links.xml
   id        : Admin Product View Link
   version   : 1
   vqmver    : 2.1.5
   author    : godologic

File Name    : admin/controller/catalog/category.php(0)
VQModObject::applyMod - SEARCH NOT FOUND (ABORTING MOD): $this->data['delete'] = $this->url->link('catalog/category/delete', 'token=' . $this->session->data['token'], 'SSL');
----------------------------------------------------------------------


---------- Date: 2017-07-25 22:20:12 ~ IP : 108.28.125.91 ----------
REQUEST URI : /www/admin/index.php?route=catalog/category/update&amp;token=8031d64ccf014dc55a042cfe01f74292&amp;category_id=25
MOD DETAILS:
   modFile   : /home/wasadmin/public_html/www/vqmod/xml/admin_catalog_view_links.xml
   id        : Admin Product View Link
   version   : 1
   vqmver    : 2.1.5
   author    : godologic

File Name    : admin/controller/catalog/category.php(0)
VQModObject::applyMod - SEARCH NOT FOUND (ABORTING MOD): $this->data['delete'] = $this->url->link('catalog/category/delete', 'token=' . $this->session->data['token'], 'SSL');
----------------------------------------------------------------------


---------- Date: 2017-07-25 22:21:16 ~ IP : 108.28.125.91 ----------
REQUEST URI : /www/admin/index.php?route=catalog/category&amp;token=8031d64ccf014dc55a042cfe01f74292
MOD DETAILS:
   modFile   : /home/wasadmin/public_html/www/vqmod/xml/admin_catalog_view_links.xml
   id        : Admin Product View Link
   version   : 1
   vqmver    : 2.1.5
   author    : godologic

File Name    : admin/controller/catalog/category.php(0)
VQModObject::applyMod - SEARCH NOT FOUND (ABORTING MOD): $this->data['delete'] = $this->url->link('catalog/category/delete', 'token=' . $this->session->data['token'], 'SSL');
----------------------------------------------------------------------


---------- Date: 2017-07-25 22:21:44 ~ IP : 108.28.125.91 ----------
REQUEST URI : /www/admin/index.php?route=catalog/category&amp;token=8031d64ccf014dc55a042cfe01f74292
MOD DETAILS:
   modFile   : /home/wasadmin/public_html/www/vqmod/xml/admin_catalog_view_links.xml
   id        : Admin Product View Link
   version   : 1
   vqmver    : 2.1.5
   author    : godologic

File Name    : admin/controller/catalog/category.php(0)
VQModObject::applyMod - SEARCH NOT FOUND (ABORTING MOD): $this->data['delete'] = $this->url->link('catalog/category/delete', 'token=' . $this->session->data['token'], 'SSL');
----------------------------------------------------------------------


---------- Date: 2017-07-25 22:39:46 ~ IP : 108.28.125.91 ----------
REQUEST URI : /www/admin/index.php?route=catalog/category&amp;token=8031d64ccf014dc55a042cfe01f74292
MOD DETAILS:
   modFile   : /home/wasadmin/public_html/www/vqmod/xml/admin_catalog_view_links.xml
   id        : Admin Product View Link
   version   : 1
   vqmver    : 2.1.5
   author    : godologic

File Name    : admin/controller/catalog/category.php(0)
VQModObject::applyMod - SEARCH NOT FOUND (ABORTING MOD): $this->data['delete'] = $this->url->link('catalog/category/delete', 'token=' . $this->session->data['token'], 'SSL');
----------------------------------------------------------------------


