---------- Date: 2017-07-26 01:38:27 ~ IP : 108.28.125.91 ----------
REQUEST URI : /www/admin/index.php?route=catalog/category&amp;token=23d179443a80afee3fac7100f4ce1d8c
MOD DETAILS:
   modFile   : /home/wasadmin/public_html/www/vqmod/xml/admin_catalog_view_links.xml
   id        : Admin Product View Link
   version   : 1
   vqmver    : 2.1.5
   author    : godologic

File Name    : admin/controller/catalog/category.php(0)
VQModObject::applyMod - SEARCH NOT FOUND (ABORTING MOD): $this->data['delete'] = $this->url->link('catalog/category/delete', 'token=' . $this->session->data['token'], 'SSL');
----------------------------------------------------------------------


---------- Date: 2017-07-26 01:38:30 ~ IP : 108.28.125.91 ----------
REQUEST URI : /www/admin/index.php?route=catalog/category/update&amp;token=23d179443a80afee3fac7100f4ce1d8c&amp;category_id=25
MOD DETAILS:
   modFile   : /home/wasadmin/public_html/www/vqmod/xml/admin_catalog_view_links.xml
   id        : Admin Product View Link
   version   : 1
   vqmver    : 2.1.5
   author    : godologic

File Name    : admin/controller/catalog/category.php(0)
VQModObject::applyMod - SEARCH NOT FOUND (ABORTING MOD): $this->data['delete'] = $this->url->link('catalog/category/delete', 'token=' . $this->session->data['token'], 'SSL');
----------------------------------------------------------------------


---------- Date: 2017-07-26 01:38:53 ~ IP : 108.28.125.91 ----------
REQUEST URI : /www/admin/index.php?route=catalog/category/update&amp;token=23d179443a80afee3fac7100f4ce1d8c&amp;category_id=25
MOD DETAILS:
   modFile   : /home/wasadmin/public_html/www/vqmod/xml/admin_catalog_view_links.xml
   id        : Admin Product View Link
   version   : 1
   vqmver    : 2.1.5
   author    : godologic

File Name    : admin/controller/catalog/category.php(0)
VQModObject::applyMod - SEARCH NOT FOUND (ABORTING MOD): $this->data['delete'] = $this->url->link('catalog/category/delete', 'token=' . $this->session->data['token'], 'SSL');
----------------------------------------------------------------------


---------- Date: 2017-07-26 01:38:53 ~ IP : 108.28.125.91 ----------
REQUEST URI : /www/admin/index.php?route=catalog/category&amp;token=23d179443a80afee3fac7100f4ce1d8c
MOD DETAILS:
   modFile   : /home/wasadmin/public_html/www/vqmod/xml/admin_catalog_view_links.xml
   id        : Admin Product View Link
   version   : 1
   vqmver    : 2.1.5
   author    : godologic

File Name    : admin/controller/catalog/category.php(0)
VQModObject::applyMod - SEARCH NOT FOUND (ABORTING MOD): $this->data['delete'] = $this->url->link('catalog/category/delete', 'token=' . $this->session->data['token'], 'SSL');
----------------------------------------------------------------------


---------- Date: 2017-07-26 01:39:22 ~ IP : 108.28.125.91 ----------
REQUEST URI : /www/admin/index.php?route=catalog/category&amp;token=23d179443a80afee3fac7100f4ce1d8c
MOD DETAILS:
   modFile   : /home/wasadmin/public_html/www/vqmod/xml/admin_catalog_view_links.xml
   id        : Admin Product View Link
   version   : 1
   vqmver    : 2.1.5
   author    : godologic

File Name    : admin/controller/catalog/category.php(0)
VQModObject::applyMod - SEARCH NOT FOUND (ABORTING MOD): $this->data['delete'] = $this->url->link('catalog/category/delete', 'token=' . $this->session->data['token'], 'SSL');
----------------------------------------------------------------------


---------- Date: 2017-07-26 03:56:12 ~ IP : 108.28.125.91 ----------
REQUEST URI : /www/admin/index.php?route=catalog/category&amp;token=675e1b2c203d4299bf2cf52e58d2cd64
MOD DETAILS:
   modFile   : /home/wasadmin/public_html/www/vqmod/xml/admin_catalog_view_links.xml
   id        : Admin Product View Link
   version   : 1
   vqmver    : 2.1.5
   author    : godologic

File Name    : admin/controller/catalog/category.php(0)
VQModObject::applyMod - SEARCH NOT FOUND (ABORTING MOD): $this->data['delete'] = $this->url->link('catalog/category/delete', 'token=' . $this->session->data['token'], 'SSL');
----------------------------------------------------------------------


---------- Date: 2017-07-26 04:11:33 ~ IP : 108.28.125.91 ----------
REQUEST URI : /www/admin/index.php?route=catalog/category/autocomplete&amp;token=675e1b2c203d4299bf2cf52e58d2cd64&amp;filter_name=Chicke
MOD DETAILS:
   modFile   : /home/wasadmin/public_html/www/vqmod/xml/admin_catalog_view_links.xml
   id        : Admin Product View Link
   version   : 1
   vqmver    : 2.1.5
   author    : godologic

File Name    : admin/controller/catalog/category.php(0)
VQModObject::applyMod - SEARCH NOT FOUND (ABORTING MOD): $this->data['delete'] = $this->url->link('catalog/category/delete', 'token=' . $this->session->data['token'], 'SSL');
----------------------------------------------------------------------


---------- Date: 2017-07-26 04:11:35 ~ IP : 108.28.125.91 ----------
REQUEST URI : /www/admin/index.php?route=catalog/category/autocomplete&amp;token=675e1b2c203d4299bf2cf52e58d2cd64&amp;filter_name=A
MOD DETAILS:
   modFile   : /home/wasadmin/public_html/www/vqmod/xml/admin_catalog_view_links.xml
   id        : Admin Product View Link
   version   : 1
   vqmver    : 2.1.5
   author    : godologic

File Name    : admin/controller/catalog/category.php(0)
VQModObject::applyMod - SEARCH NOT FOUND (ABORTING MOD): $this->data['delete'] = $this->url->link('catalog/category/delete', 'token=' . $this->session->data['token'], 'SSL');
----------------------------------------------------------------------


---------- Date: 2017-07-26 04:11:36 ~ IP : 108.28.125.91 ----------
REQUEST URI : /www/admin/index.php?route=catalog/category/autocomplete&amp;token=675e1b2c203d4299bf2cf52e58d2cd64&amp;filter_name=Agg
MOD DETAILS:
   modFile   : /home/wasadmin/public_html/www/vqmod/xml/admin_catalog_view_links.xml
   id        : Admin Product View Link
   version   : 1
   vqmver    : 2.1.5
   author    : godologic

File Name    : admin/controller/catalog/category.php(0)
VQModObject::applyMod - SEARCH NOT FOUND (ABORTING MOD): $this->data['delete'] = $this->url->link('catalog/category/delete', 'token=' . $this->session->data['token'], 'SSL');
----------------------------------------------------------------------


---------- Date: 2017-07-26 04:11:38 ~ IP : 108.28.125.91 ----------
REQUEST URI : /www/admin/index.php?route=catalog/category/autocomplete&amp;token=675e1b2c203d4299bf2cf52e58d2cd64&amp;filter_name=Ag
MOD DETAILS:
   modFile   : /home/wasadmin/public_html/www/vqmod/xml/admin_catalog_view_links.xml
   id        : Admin Product View Link
   version   : 1
   vqmver    : 2.1.5
   author    : godologic

File Name    : admin/controller/catalog/category.php(0)
VQModObject::applyMod - SEARCH NOT FOUND (ABORTING MOD): $this->data['delete'] = $this->url->link('catalog/category/delete', 'token=' . $this->session->data['token'], 'SSL');
----------------------------------------------------------------------


