---------- Date: 2017-11-03 16:09:53 ~ IP : 107.77.241.7 ----------
REQUEST URI : /www/admin/index.php?route=catalog/category&amp;token=ccc0d3bc44ba82c4059d8f398c0b3816
MOD DETAILS:
   modFile   : /home/wasadmin/public_html/www/vqmod/xml/admin_catalog_view_links.xml
   id        : Admin Product View Link
   version   : 1
   vqmver    : 2.1.5
   author    : godologic

File Name    : admin/controller/catalog/category.php(0)
VQModObject::applyMod - SEARCH NOT FOUND (ABORTING MOD): $this->data['delete'] = $this->url->link('catalog/category/delete', 'token=' . $this->session->data['token'], 'SSL');
----------------------------------------------------------------------


---------- Date: 2017-11-03 16:15:58 ~ IP : 107.77.241.7 ----------
REQUEST URI : /www/admin/index.php?route=catalog/category&amp;token=ccc0d3bc44ba82c4059d8f398c0b3816
MOD DETAILS:
   modFile   : /home/wasadmin/public_html/www/vqmod/xml/admin_catalog_view_links.xml
   id        : Admin Product View Link
   version   : 1
   vqmver    : 2.1.5
   author    : godologic

File Name    : admin/controller/catalog/category.php(0)
VQModObject::applyMod - SEARCH NOT FOUND (ABORTING MOD): $this->data['delete'] = $this->url->link('catalog/category/delete', 'token=' . $this->session->data['token'], 'SSL');
----------------------------------------------------------------------


