---------- Date: 2017-11-04 01:51:49 ~ IP : 98.169.51.171 ----------
REQUEST URI : /www/admin/index.php?route=catalog/category&amp;token=1b61f5f30bc70d4589bed35303087fd3
MOD DETAILS:
   modFile   : /home/wasadmin/public_html/www/vqmod/xml/admin_catalog_view_links.xml
   id        : Admin Product View Link
   version   : 1
   vqmver    : 2.1.5
   author    : godologic

File Name    : admin/controller/catalog/category.php(0)
VQModObject::applyMod - SEARCH NOT FOUND (ABORTING MOD): $this->data['delete'] = $this->url->link('catalog/category/delete', 'token=' . $this->session->data['token'], 'SSL');
----------------------------------------------------------------------


---------- Date: 2017-11-04 02:00:48 ~ IP : 98.169.51.171 ----------
REQUEST URI : /www/admin/index.php?route=catalog/category&amp;token=1b61f5f30bc70d4589bed35303087fd3
MOD DETAILS:
   modFile   : /home/wasadmin/public_html/www/vqmod/xml/admin_catalog_view_links.xml
   id        : Admin Product View Link
   version   : 1
   vqmver    : 2.1.5
   author    : godologic

File Name    : admin/controller/catalog/category.php(0)
VQModObject::applyMod - SEARCH NOT FOUND (ABORTING MOD): $this->data['delete'] = $this->url->link('catalog/category/delete', 'token=' . $this->session->data['token'], 'SSL');
----------------------------------------------------------------------


